2019-08-16 00:14:39.558[main] DEBUG com.zzq.o2o.dao.ShopCategoryDao.queryShopCategory -==>  Preparing: SELECT shop_category_id, shop_category_name, shop_category_img, shop_category_desc, priority, create_time, last_edit_time, parent_id FROM tb_shop_category ORDER BY priority DESC 
2019-08-16 00:14:39.593[main] DEBUG com.zzq.o2o.dao.ShopCategoryDao.queryShopCategory -==> Parameters: 
2019-08-16 00:14:39.641[main] DEBUG com.zzq.o2o.dao.ShopCategoryDao.queryShopCategory -<==      Total: 1
2019-08-16 00:19:42.456[main] DEBUG com.zzq.o2o.dao.ShopCategoryDao.queryShopCategory -==>  Preparing: SELECT shop_category_id, shop_category_name, shop_category_img, shop_category_desc, priority, create_time, last_edit_time, parent_id FROM tb_shop_category ORDER BY priority DESC 
2019-08-16 00:19:42.489[main] DEBUG com.zzq.o2o.dao.ShopCategoryDao.queryShopCategory -==> Parameters: 
2019-08-16 00:19:42.519[main] DEBUG com.zzq.o2o.dao.ShopCategoryDao.queryShopCategory -<==      Total: 2
2019-08-16 00:19:42.527[main] DEBUG com.zzq.o2o.dao.ShopCategoryDao.queryShopCategory -==>  Preparing: SELECT shop_category_id, shop_category_name, shop_category_img, shop_category_desc, priority, create_time, last_edit_time, parent_id FROM tb_shop_category WHERE parent_id=? ORDER BY priority DESC 
2019-08-16 00:19:42.528[main] DEBUG com.zzq.o2o.dao.ShopCategoryDao.queryShopCategory -==> Parameters: 1(Long)
2019-08-16 00:19:42.529[main] DEBUG com.zzq.o2o.dao.ShopCategoryDao.queryShopCategory -<==      Total: 0
2019-08-16 00:24:32.939[main] DEBUG com.zzq.o2o.dao.ShopCategoryDao.queryShopCategory -==>  Preparing: SELECT shop_category_id, shop_category_name, shop_category_img, shop_category_desc, priority, create_time, last_edit_time, parent_id FROM tb_shop_category ORDER BY priority DESC 
2019-08-16 00:24:32.974[main] DEBUG com.zzq.o2o.dao.ShopCategoryDao.queryShopCategory -==> Parameters: 
2019-08-16 00:24:33.004[main] DEBUG com.zzq.o2o.dao.ShopCategoryDao.queryShopCategory -<==      Total: 2
2019-08-16 00:24:33.012[main] DEBUG com.zzq.o2o.dao.ShopCategoryDao.queryShopCategory -==>  Preparing: SELECT shop_category_id, shop_category_name, shop_category_img, shop_category_desc, priority, create_time, last_edit_time, parent_id FROM tb_shop_category WHERE parent_id=? ORDER BY priority DESC 
2019-08-16 00:24:33.012[main] DEBUG com.zzq.o2o.dao.ShopCategoryDao.queryShopCategory -==> Parameters: 1(Long)
2019-08-16 00:24:33.013[main] DEBUG com.zzq.o2o.dao.ShopCategoryDao.queryShopCategory -<==      Total: 0
2019-08-16 00:41:07.822[main] DEBUG com.zzq.o2o.dao.ShopCategoryDao.queryShopCategory -==>  Preparing: SELECT shop_category_id, shop_category_name, shop_category_img, shop_category_desc, priority, create_time, last_edit_time, parent_id FROM tb_shop_category ORDER BY priority DESC 
2019-08-16 00:41:07.856[main] DEBUG com.zzq.o2o.dao.ShopCategoryDao.queryShopCategory -==> Parameters: 
2019-08-16 00:41:07.895[main] DEBUG com.zzq.o2o.dao.ShopCategoryDao.queryShopCategory -<==      Total: 2
2019-08-16 00:41:07.904[main] DEBUG com.zzq.o2o.dao.ShopCategoryDao.queryShopCategory -==>  Preparing: SELECT shop_category_id, shop_category_name, shop_category_img, shop_category_desc, priority, create_time, last_edit_time, parent_id FROM tb_shop_category WHERE parent_id=? ORDER BY priority DESC 
2019-08-16 00:41:07.905[main] DEBUG com.zzq.o2o.dao.ShopCategoryDao.queryShopCategory -==> Parameters: 1(Long)
2019-08-16 00:41:07.906[main] DEBUG com.zzq.o2o.dao.ShopCategoryDao.queryShopCategory -<==      Total: 1
